<?xml version="1.0" encoding="UTF-8"?>
<testng-results ignored="0" total="1" passed="1" failed="0" skipped="0">
  <reporter-output>
  </reporter-output>
  <suite started-at="2026-04-05T12:28:08 IST" name="AutomationSuite" finished-at="2026-04-05T12:28:08 IST" duration-ms="72">
    <groups>
    </groups>
    <test started-at="2026-04-05T12:28:08 IST" name="RegressionTests" finished-at="2026-04-05T12:28:08 IST" duration-ms="72">
      <class name="Selenium.testSeleNium">
        <test-method signature="verifyAddition()[pri:0, instance:Selenium.testSeleNium@6150c3ec]" started-at="2026-04-05T12:28:08 IST" name="verifyAddition" finished-at="2026-04-05T12:28:08 IST" duration-ms="17" status="PASS">
          <reporter-output>
          </reporter-output>
        </test-method> <!-- verifyAddition -->
      </class> <!-- Selenium.testSeleNium -->
    </test> <!-- RegressionTests -->
  </suite> <!-- AutomationSuite -->
</testng-results>
